ERROR - 2022-06-30 04:11:16 --> Error connecting to the database: Login failed for user 'web'.
Cannot open database "KN_ONLINE" requested by the login. The login failed.
CRITICAL - 2022-06-30 04:11:16 --> Unable to connect to the database.
Main connection [sqlsrv]: Login failed for user 'web'.
Cannot open database "KN_ONLINE" requested by the login. The login failed.
in SYSTEMPATH\Database\BaseConnection.php on line 416.
 1 SYSTEMPATH\Database\BaseConnection.php(586): CodeIgniter\Database\BaseConnection->initialize()
 2 SYSTEMPATH\Database\SQLSRV\Builder.php(615): CodeIgniter\Database\BaseConnection->query()
 3 SYSTEMPATH\Validation\Rules.php(142): CodeIgniter\Database\SQLSRV\Builder->get()
 4 SYSTEMPATH\Validation\Validation.php(306): CodeIgniter\Validation\Rules->is_unique()
 5 SYSTEMPATH\Validation\Validation.php(173): CodeIgniter\Validation\Validation->processRules()
 6 SYSTEMPATH\Controller.php(140): CodeIgniter\Validation\Validation->run()
 7 APPPATH\Controllers\Signup.php(27): CodeIgniter\Controller->validate()
 8 SYSTEMPATH\CodeIgniter.php(896): App\Controllers\Signup->register()
 9 SYSTEMPATH\CodeIgniter.php(466): CodeIgniter\CodeIgniter->runController()
10 SYSTEMPATH\CodeIgniter.php(349): CodeIgniter\CodeIgniter->handleRequest()
11 FCPATH\index.php(55): CodeIgniter\CodeIgniter->run()
12 SYSTEMPATH\Commands\Server\rewrite.php(43): require_once('FCPATH\\index.php')
ERROR - 2022-06-30 04:11:56 --> [Microsoft][ODBC Driver 17 for SQL Server][SQL Server]Cannot insert the value NULL into column 'PremiumExpire', table 'KN_ONLINE.dbo.TB_USER'; column does not allow nulls. INSERT fails.
CRITICAL - 2022-06-30 04:12:03 --> Invalid file: index.php
in SYSTEMPATH\Exceptions\FrameworkException.php on line 33.
 1 SYSTEMPATH\View\View.php(201): CodeIgniter\Exceptions\FrameworkException::forInvalidFile()
 2 SYSTEMPATH\Common.php(1135): CodeIgniter\View\View->render()
 3 APPPATH\Controllers\Signin.php(12): view()
 4 SYSTEMPATH\CodeIgniter.php(896): App\Controllers\Signin->index()
 5 SYSTEMPATH\CodeIgniter.php(466): CodeIgniter\CodeIgniter->runController()
 6 SYSTEMPATH\CodeIgniter.php(349): CodeIgniter\CodeIgniter->handleRequest()
 7 FCPATH\index.php(55): CodeIgniter\CodeIgniter->run()
 8 SYSTEMPATH\Commands\Server\rewrite.php(43): require_once('FCPATH\\index.php')
ERROR - 2022-06-30 04:15:20 --> [Microsoft][ODBC Driver 17 for SQL Server][SQL Server]Cannot insert the value NULL into column 'PremiumExpire', table 'KN_ONLINE.dbo.TB_USER'; column does not allow nulls. INSERT fails.
CRITICAL - 2022-06-30 04:15:28 --> Invalid file: index.php
in SYSTEMPATH\Exceptions\FrameworkException.php on line 33.
 1 SYSTEMPATH\View\View.php(201): CodeIgniter\Exceptions\FrameworkException::forInvalidFile()
 2 SYSTEMPATH\Common.php(1135): CodeIgniter\View\View->render()
 3 APPPATH\Controllers\Signin.php(12): view()
 4 SYSTEMPATH\CodeIgniter.php(896): App\Controllers\Signin->index()
 5 SYSTEMPATH\CodeIgniter.php(466): CodeIgniter\CodeIgniter->runController()
 6 SYSTEMPATH\CodeIgniter.php(349): CodeIgniter\CodeIgniter->handleRequest()
 7 FCPATH\index.php(55): CodeIgniter\CodeIgniter->run()
 8 SYSTEMPATH\Commands\Server\rewrite.php(43): require_once('FCPATH\\index.php')
CRITICAL - 2022-06-30 04:16:05 --> Invalid file: index.php
in SYSTEMPATH\Exceptions\FrameworkException.php on line 33.
 1 SYSTEMPATH\View\View.php(201): CodeIgniter\Exceptions\FrameworkException::forInvalidFile()
 2 SYSTEMPATH\Common.php(1135): CodeIgniter\View\View->render()
 3 APPPATH\Controllers\Signin.php(12): view()
 4 SYSTEMPATH\CodeIgniter.php(896): App\Controllers\Signin->index()
 5 SYSTEMPATH\CodeIgniter.php(466): CodeIgniter\CodeIgniter->runController()
 6 SYSTEMPATH\CodeIgniter.php(349): CodeIgniter\CodeIgniter->handleRequest()
 7 FCPATH\index.php(55): CodeIgniter\CodeIgniter->run()
 8 SYSTEMPATH\Commands\Server\rewrite.php(43): require_once('FCPATH\\index.php')
ERROR - 2022-06-30 04:20:01 --> [Microsoft][ODBC Driver 17 for SQL Server][SQL Server]Cannot insert the value NULL into column 'PremiumExpire', table 'KN_ONLINE.dbo.TB_USER'; column does not allow nulls. INSERT fails.
ERROR - 2022-06-30 04:22:11 --> [Microsoft][ODBC Driver 17 for SQL Server][SQL Server]Cannot insert the value NULL into column 'PremiumExpire', table 'KN_ONLINE.dbo.TB_USER'; column does not allow nulls. INSERT fails.
ERROR - 2022-06-30 04:30:35 --> [Microsoft][ODBC Driver 17 for SQL Server][SQL Server]Cannot insert the value NULL into column 'strSocNo', table 'KN_ONLINE.dbo.TB_USER'; column does not allow nulls. INSERT fails.
CRITICAL - 2022-06-30 04:32:51 --> Invalid file: index.php
in SYSTEMPATH\Exceptions\FrameworkException.php on line 33.
 1 SYSTEMPATH\View\View.php(201): CodeIgniter\Exceptions\FrameworkException::forInvalidFile()
 2 SYSTEMPATH\Common.php(1135): CodeIgniter\View\View->render()
 3 APPPATH\Controllers\Signin.php(12): view()
 4 SYSTEMPATH\CodeIgniter.php(896): App\Controllers\Signin->index()
 5 SYSTEMPATH\CodeIgniter.php(466): CodeIgniter\CodeIgniter->runController()
 6 SYSTEMPATH\CodeIgniter.php(349): CodeIgniter\CodeIgniter->handleRequest()
 7 FCPATH\index.php(55): CodeIgniter\CodeIgniter->run()
 8 SYSTEMPATH\Commands\Server\rewrite.php(43): require_once('FCPATH\\index.php')
CRITICAL - 2022-06-30 04:35:40 --> Invalid file: index.php
in SYSTEMPATH\Exceptions\FrameworkException.php on line 33.
 1 SYSTEMPATH\View\View.php(201): CodeIgniter\Exceptions\FrameworkException::forInvalidFile()
 2 SYSTEMPATH\Common.php(1135): CodeIgniter\View\View->render()
 3 APPPATH\Controllers\Signin.php(12): view()
 4 SYSTEMPATH\CodeIgniter.php(896): App\Controllers\Signin->index()
 5 SYSTEMPATH\CodeIgniter.php(466): CodeIgniter\CodeIgniter->runController()
 6 SYSTEMPATH\CodeIgniter.php(349): CodeIgniter\CodeIgniter->handleRequest()
 7 FCPATH\index.php(55): CodeIgniter\CodeIgniter->run()
 8 SYSTEMPATH\Commands\Server\rewrite.php(43): require_once('FCPATH\\index.php')
CRITICAL - 2022-06-30 04:35:42 --> Invalid file: index.php
in SYSTEMPATH\Exceptions\FrameworkException.php on line 33.
 1 SYSTEMPATH\View\View.php(201): CodeIgniter\Exceptions\FrameworkException::forInvalidFile()
 2 SYSTEMPATH\Common.php(1135): CodeIgniter\View\View->render()
 3 APPPATH\Controllers\Signin.php(12): view()
 4 SYSTEMPATH\CodeIgniter.php(896): App\Controllers\Signin->index()
 5 SYSTEMPATH\CodeIgniter.php(466): CodeIgniter\CodeIgniter->runController()
 6 SYSTEMPATH\CodeIgniter.php(349): CodeIgniter\CodeIgniter->handleRequest()
 7 FCPATH\index.php(55): CodeIgniter\CodeIgniter->run()
 8 SYSTEMPATH\Commands\Server\rewrite.php(43): require_once('FCPATH\\index.php')
CRITICAL - 2022-06-30 04:35:52 --> Invalid file: index.php
in SYSTEMPATH\Exceptions\FrameworkException.php on line 33.
 1 SYSTEMPATH\View\View.php(201): CodeIgniter\Exceptions\FrameworkException::forInvalidFile()
 2 SYSTEMPATH\Common.php(1135): CodeIgniter\View\View->render()
 3 APPPATH\Controllers\Signin.php(12): view()
 4 SYSTEMPATH\CodeIgniter.php(896): App\Controllers\Signin->index()
 5 SYSTEMPATH\CodeIgniter.php(466): CodeIgniter\CodeIgniter->runController()
 6 SYSTEMPATH\CodeIgniter.php(349): CodeIgniter\CodeIgniter->handleRequest()
 7 FCPATH\index.php(55): CodeIgniter\CodeIgniter->run()
 8 SYSTEMPATH\Commands\Server\rewrite.php(43): require_once('FCPATH\\index.php')
CRITICAL - 2022-06-30 04:37:07 --> Invalid file: index.php
in SYSTEMPATH\Exceptions\FrameworkException.php on line 33.
 1 SYSTEMPATH\View\View.php(201): CodeIgniter\Exceptions\FrameworkException::forInvalidFile()
 2 SYSTEMPATH\Common.php(1135): CodeIgniter\View\View->render()
 3 APPPATH\Controllers\Signin.php(12): view()
 4 SYSTEMPATH\CodeIgniter.php(896): App\Controllers\Signin->index()
 5 SYSTEMPATH\CodeIgniter.php(466): CodeIgniter\CodeIgniter->runController()
 6 SYSTEMPATH\CodeIgniter.php(349): CodeIgniter\CodeIgniter->handleRequest()
 7 FCPATH\index.php(55): CodeIgniter\CodeIgniter->run()
 8 SYSTEMPATH\Commands\Server\rewrite.php(43): require_once('FCPATH\\index.php')
CRITICAL - 2022-06-30 04:56:35 --> syntax error, unexpected token "<", expecting end of file
in APPPATH\Views\base.php on line 132.
 1 SYSTEMPATH\View\View.php(216): CodeIgniter\View\View->CodeIgniter\View\{closure}()
 2 SYSTEMPATH\Common.php(1135): CodeIgniter\View\View->render()
 3 APPPATH\Controllers\Home.php(9): view()
 4 SYSTEMPATH\CodeIgniter.php(896): App\Controllers\Home->index()
 5 SYSTEMPATH\CodeIgniter.php(466): CodeIgniter\CodeIgniter->runController()
 6 SYSTEMPATH\CodeIgniter.php(349): CodeIgniter\CodeIgniter->handleRequest()
 7 FCPATH\index.php(55): CodeIgniter\CodeIgniter->run()
 8 SYSTEMPATH\Commands\Server\rewrite.php(43): require_once('FCPATH\\index.php')
CRITICAL - 2022-06-30 05:09:39 --> Unmatched ')'
in APPPATH\Config\Routes.php on line 38.
 1 SYSTEMPATH\CodeIgniter.php(415): CodeIgniter\CodeIgniter->tryToRouteIt()
 2 SYSTEMPATH\CodeIgniter.php(349): CodeIgniter\CodeIgniter->handleRequest()
 3 FCPATH\index.php(55): CodeIgniter\CodeIgniter->run()
 4 SYSTEMPATH\Commands\Server\rewrite.php(43): require_once('FCPATH\\index.php')
ERROR - 2022-06-30 08:29:56 --> [Microsoft][ODBC Driver 17 for SQL Server][SQL Server]Invalid column name 'created_at'.
CRITICAL - 2022-06-30 08:29:56 --> Call to a member function getResult() on bool
in SYSTEMPATH\Model.php on line 184.
 1 SYSTEMPATH\BaseModel.php(523): CodeIgniter\Model->doFind()
 2 APPPATH\Models\NewsModel.php(18): CodeIgniter\BaseModel->find()
 3 APPPATH\Controllers\Home.php(24): App\Models\NewsModel->getNews()
 4 SYSTEMPATH\CodeIgniter.php(896): App\Controllers\Home->dashboard()
 5 SYSTEMPATH\CodeIgniter.php(466): CodeIgniter\CodeIgniter->runController()
 6 SYSTEMPATH\CodeIgniter.php(349): CodeIgniter\CodeIgniter->handleRequest()
 7 FCPATH\index.php(55): CodeIgniter\CodeIgniter->run()
 8 SYSTEMPATH\Commands\Server\rewrite.php(43): require_once('FCPATH\\index.php')
ERROR - 2022-06-30 08:30:21 --> [Microsoft][ODBC Driver 17 for SQL Server][SQL Server]Invalid column name 'created_at'.
CRITICAL - 2022-06-30 08:30:21 --> Call to a member function getResult() on bool
in SYSTEMPATH\Model.php on line 184.
 1 SYSTEMPATH\BaseModel.php(523): CodeIgniter\Model->doFind()
 2 APPPATH\Models\NewsModel.php(18): CodeIgniter\BaseModel->find()
 3 APPPATH\Controllers\Home.php(12): App\Models\NewsModel->getNews()
 4 SYSTEMPATH\CodeIgniter.php(896): App\Controllers\Home->index()
 5 SYSTEMPATH\CodeIgniter.php(466): CodeIgniter\CodeIgniter->runController()
 6 SYSTEMPATH\CodeIgniter.php(349): CodeIgniter\CodeIgniter->handleRequest()
 7 FCPATH\index.php(55): CodeIgniter\CodeIgniter->run()
 8 SYSTEMPATH\Commands\Server\rewrite.php(43): require_once('FCPATH\\index.php')
CRITICAL - 2022-06-30 10:35:06 --> Invalid file: news/success.php
in SYSTEMPATH\Exceptions\FrameworkException.php on line 33.
 1 SYSTEMPATH\View\View.php(201): CodeIgniter\Exceptions\FrameworkException::forInvalidFile()
 2 SYSTEMPATH\Common.php(1135): CodeIgniter\View\View->render()
 3 APPPATH\Controllers\News.php(50): view()
 4 SYSTEMPATH\CodeIgniter.php(896): App\Controllers\News->create()
 5 SYSTEMPATH\CodeIgniter.php(466): CodeIgniter\CodeIgniter->runController()
 6 SYSTEMPATH\CodeIgniter.php(349): CodeIgniter\CodeIgniter->handleRequest()
 7 FCPATH\index.php(55): CodeIgniter\CodeIgniter->run()
 8 SYSTEMPATH\Commands\Server\rewrite.php(43): require_once('FCPATH\\index.php')
CRITICAL - 2022-06-30 16:11:40 --> syntax error, unexpected token "{", expecting "("
in APPPATH\Views\templates\dashboard.php on line 99.
 1 SYSTEMPATH\View\View.php(216): CodeIgniter\View\View->CodeIgniter\View\{closure}()
 2 SYSTEMPATH\Common.php(1135): CodeIgniter\View\View->render()
 3 APPPATH\Controllers\Home.php(41): view()
 4 SYSTEMPATH\CodeIgniter.php(896): App\Controllers\Home->dashboard()
 5 SYSTEMPATH\CodeIgniter.php(466): CodeIgniter\CodeIgniter->runController()
 6 SYSTEMPATH\CodeIgniter.php(349): CodeIgniter\CodeIgniter->handleRequest()
 7 FCPATH\index.php(55): CodeIgniter\CodeIgniter->run()
 8 SYSTEMPATH\Commands\Server\rewrite.php(43): require_once('FCPATH\\index.php')
CRITICAL - 2022-06-30 16:37:00 --> Undefined array key "role"
in APPPATH\Views\templates\dashboard.php on line 99.
 1 APPPATH\Views\templates\dashboard.php(99): CodeIgniter\Debug\Exceptions->errorHandler()
 2 SYSTEMPATH\View\View.php(213): include('APPPATH\\Views\\templates\\dashboard.php')
 3 SYSTEMPATH\View\View.php(216): CodeIgniter\View\View->CodeIgniter\View\{closure}()
 4 SYSTEMPATH\Common.php(1135): CodeIgniter\View\View->render()
 5 APPPATH\Controllers\Home.php(41): view()
 6 SYSTEMPATH\CodeIgniter.php(896): App\Controllers\Home->dashboard()
 7 SYSTEMPATH\CodeIgniter.php(466): CodeIgniter\CodeIgniter->runController()
 8 SYSTEMPATH\CodeIgniter.php(349): CodeIgniter\CodeIgniter->handleRequest()
 9 FCPATH\index.php(55): CodeIgniter\CodeIgniter->run()
10 SYSTEMPATH\Commands\Server\rewrite.php(43): require_once('FCPATH\\index.php')
CRITICAL - 2022-06-30 16:53:25 --> include(templates/navigation.php): Failed to open stream: No such file or directory
in APPPATH\Views\templates\dashboard.php on line 55.
 1 APPPATH\Views\templates\dashboard.php(55): CodeIgniter\Debug\Exceptions->errorHandler()
 2 APPPATH\Views\templates\dashboard.php(55): include()
 3 SYSTEMPATH\View\View.php(213): include('APPPATH\\Views\\templates\\dashboard.php')
 4 SYSTEMPATH\View\View.php(216): CodeIgniter\View\View->CodeIgniter\View\{closure}()
 5 SYSTEMPATH\Common.php(1135): CodeIgniter\View\View->render()
 6 APPPATH\Controllers\Home.php(41): view()
 7 SYSTEMPATH\CodeIgniter.php(896): App\Controllers\Home->dashboard()
 8 SYSTEMPATH\CodeIgniter.php(466): CodeIgniter\CodeIgniter->runController()
 9 SYSTEMPATH\CodeIgniter.php(349): CodeIgniter\CodeIgniter->handleRequest()
10 FCPATH\index.php(55): CodeIgniter\CodeIgniter->run()
11 SYSTEMPATH\Commands\Server\rewrite.php(43): require_once('FCPATH\\index.php')
CRITICAL - 2022-06-30 16:53:50 --> include(../templates/navigation.php): Failed to open stream: No such file or directory
in APPPATH\Views\templates\dashboard.php on line 55.
 1 APPPATH\Views\templates\dashboard.php(55): CodeIgniter\Debug\Exceptions->errorHandler()
 2 APPPATH\Views\templates\dashboard.php(55): include()
 3 SYSTEMPATH\View\View.php(213): include('APPPATH\\Views\\templates\\dashboard.php')
 4 SYSTEMPATH\View\View.php(216): CodeIgniter\View\View->CodeIgniter\View\{closure}()
 5 SYSTEMPATH\Common.php(1135): CodeIgniter\View\View->render()
 6 APPPATH\Controllers\Home.php(41): view()
 7 SYSTEMPATH\CodeIgniter.php(896): App\Controllers\Home->dashboard()
 8 SYSTEMPATH\CodeIgniter.php(466): CodeIgniter\CodeIgniter->runController()
 9 SYSTEMPATH\CodeIgniter.php(349): CodeIgniter\CodeIgniter->handleRequest()
10 FCPATH\index.php(55): CodeIgniter\CodeIgniter->run()
11 SYSTEMPATH\Commands\Server\rewrite.php(43): require_once('FCPATH\\index.php')
CRITICAL - 2022-06-30 16:53:57 --> include(../views/templates/navigation.php): Failed to open stream: No such file or directory
in APPPATH\Views\templates\dashboard.php on line 55.
 1 APPPATH\Views\templates\dashboard.php(55): CodeIgniter\Debug\Exceptions->errorHandler()
 2 APPPATH\Views\templates\dashboard.php(55): include()
 3 SYSTEMPATH\View\View.php(213): include('APPPATH\\Views\\templates\\dashboard.php')
 4 SYSTEMPATH\View\View.php(216): CodeIgniter\View\View->CodeIgniter\View\{closure}()
 5 SYSTEMPATH\Common.php(1135): CodeIgniter\View\View->render()
 6 APPPATH\Controllers\Home.php(41): view()
 7 SYSTEMPATH\CodeIgniter.php(896): App\Controllers\Home->dashboard()
 8 SYSTEMPATH\CodeIgniter.php(466): CodeIgniter\CodeIgniter->runController()
 9 SYSTEMPATH\CodeIgniter.php(349): CodeIgniter\CodeIgniter->handleRequest()
10 FCPATH\index.php(55): CodeIgniter\CodeIgniter->run()
11 SYSTEMPATH\Commands\Server\rewrite.php(43): require_once('FCPATH\\index.php')
CRITICAL - 2022-06-30 16:54:03 --> include(./views/templates/navigation.php): Failed to open stream: No such file or directory
in APPPATH\Views\templates\dashboard.php on line 55.
 1 APPPATH\Views\templates\dashboard.php(55): CodeIgniter\Debug\Exceptions->errorHandler()
 2 APPPATH\Views\templates\dashboard.php(55): include()
 3 SYSTEMPATH\View\View.php(213): include('APPPATH\\Views\\templates\\dashboard.php')
 4 SYSTEMPATH\View\View.php(216): CodeIgniter\View\View->CodeIgniter\View\{closure}()
 5 SYSTEMPATH\Common.php(1135): CodeIgniter\View\View->render()
 6 APPPATH\Controllers\Home.php(41): view()
 7 SYSTEMPATH\CodeIgniter.php(896): App\Controllers\Home->dashboard()
 8 SYSTEMPATH\CodeIgniter.php(466): CodeIgniter\CodeIgniter->runController()
 9 SYSTEMPATH\CodeIgniter.php(349): CodeIgniter\CodeIgniter->handleRequest()
10 FCPATH\index.php(55): CodeIgniter\CodeIgniter->run()
11 SYSTEMPATH\Commands\Server\rewrite.php(43): require_once('FCPATH\\index.php')
CRITICAL - 2022-06-30 16:58:53 --> include(../templates/navigation.php): Failed to open stream: No such file or directory
in APPPATH\Views\templates\dashboard.php on line 55.
 1 APPPATH\Views\templates\dashboard.php(55): CodeIgniter\Debug\Exceptions->errorHandler()
 2 APPPATH\Views\templates\dashboard.php(55): include()
 3 SYSTEMPATH\View\View.php(213): include('APPPATH\\Views\\templates\\dashboard.php')
 4 SYSTEMPATH\View\View.php(216): CodeIgniter\View\View->CodeIgniter\View\{closure}()
 5 SYSTEMPATH\Common.php(1135): CodeIgniter\View\View->render()
 6 APPPATH\Controllers\Home.php(41): view()
 7 SYSTEMPATH\CodeIgniter.php(896): App\Controllers\Home->dashboard()
 8 SYSTEMPATH\CodeIgniter.php(466): CodeIgniter\CodeIgniter->runController()
 9 SYSTEMPATH\CodeIgniter.php(349): CodeIgniter\CodeIgniter->handleRequest()
10 FCPATH\index.php(55): CodeIgniter\CodeIgniter->run()
11 SYSTEMPATH\Commands\Server\rewrite.php(43): require_once('FCPATH\\index.php')
CRITICAL - 2022-06-30 17:01:56 --> include(C:\Users\denny\Documents\GitHub\ko4life-panel\app\../templates/navigation.php): Failed to open stream: No such file or directory
in APPPATH\Views\templates\dashboard.php on line 55.
 1 APPPATH\Views\templates\dashboard.php(55): CodeIgniter\Debug\Exceptions->errorHandler()
 2 APPPATH\Views\templates\dashboard.php(55): include()
 3 SYSTEMPATH\View\View.php(213): include('APPPATH\\Views\\templates\\dashboard.php')
 4 SYSTEMPATH\View\View.php(216): CodeIgniter\View\View->CodeIgniter\View\{closure}()
 5 SYSTEMPATH\Common.php(1135): CodeIgniter\View\View->render()
 6 APPPATH\Controllers\Home.php(41): view()
 7 SYSTEMPATH\CodeIgniter.php(896): App\Controllers\Home->dashboard()
 8 SYSTEMPATH\CodeIgniter.php(466): CodeIgniter\CodeIgniter->runController()
 9 SYSTEMPATH\CodeIgniter.php(349): CodeIgniter\CodeIgniter->handleRequest()
10 FCPATH\index.php(55): CodeIgniter\CodeIgniter->run()
11 SYSTEMPATH\Commands\Server\rewrite.php(43): require_once('FCPATH\\index.php')
CRITICAL - 2022-06-30 17:01:58 --> include(C:\Users\denny\Documents\GitHub\ko4life-panel\app\../templates/navigation.php): Failed to open stream: No such file or directory
in APPPATH\Views\templates\dashboard.php on line 55.
 1 APPPATH\Views\templates\dashboard.php(55): CodeIgniter\Debug\Exceptions->errorHandler()
 2 APPPATH\Views\templates\dashboard.php(55): include()
 3 SYSTEMPATH\View\View.php(213): include('APPPATH\\Views\\templates\\dashboard.php')
 4 SYSTEMPATH\View\View.php(216): CodeIgniter\View\View->CodeIgniter\View\{closure}()
 5 SYSTEMPATH\Common.php(1135): CodeIgniter\View\View->render()
 6 APPPATH\Controllers\Home.php(41): view()
 7 SYSTEMPATH\CodeIgniter.php(896): App\Controllers\Home->dashboard()
 8 SYSTEMPATH\CodeIgniter.php(466): CodeIgniter\CodeIgniter->runController()
 9 SYSTEMPATH\CodeIgniter.php(349): CodeIgniter\CodeIgniter->handleRequest()
10 FCPATH\index.php(55): CodeIgniter\CodeIgniter->run()
11 SYSTEMPATH\Commands\Server\rewrite.php(43): require_once('FCPATH\\index.php')
CRITICAL - 2022-06-30 17:02:28 --> require_once(C:\Users\denny\Documents\GitHub\ko4life-panel\app\../templates/navigation.php): Failed to open stream: No such file or directory
in APPPATH\Views\templates\dashboard.php on line 55.
 1 APPPATH\Views\templates\dashboard.php(55): CodeIgniter\Debug\Exceptions->errorHandler()
 2 APPPATH\Views\templates\dashboard.php(55): require_once()
 3 SYSTEMPATH\View\View.php(213): include('APPPATH\\Views\\templates\\dashboard.php')
 4 SYSTEMPATH\View\View.php(216): CodeIgniter\View\View->CodeIgniter\View\{closure}()
 5 SYSTEMPATH\Common.php(1135): CodeIgniter\View\View->render()
 6 APPPATH\Controllers\Home.php(41): view()
 7 SYSTEMPATH\CodeIgniter.php(896): App\Controllers\Home->dashboard()
 8 SYSTEMPATH\CodeIgniter.php(466): CodeIgniter\CodeIgniter->runController()
 9 SYSTEMPATH\CodeIgniter.php(349): CodeIgniter\CodeIgniter->handleRequest()
10 FCPATH\index.php(55): CodeIgniter\CodeIgniter->run()
11 SYSTEMPATH\Commands\Server\rewrite.php(43): require_once('FCPATH\\index.php')
CRITICAL - 2022-06-30 17:02:57 --> require_once(../templates/navigation.php): Failed to open stream: No such file or directory
in APPPATH\Views\templates\dashboard.php on line 55.
 1 APPPATH\Views\templates\dashboard.php(55): CodeIgniter\Debug\Exceptions->errorHandler()
 2 APPPATH\Views\templates\dashboard.php(55): require_once()
 3 SYSTEMPATH\View\View.php(213): include('APPPATH\\Views\\templates\\dashboard.php')
 4 SYSTEMPATH\View\View.php(216): CodeIgniter\View\View->CodeIgniter\View\{closure}()
 5 SYSTEMPATH\Common.php(1135): CodeIgniter\View\View->render()
 6 APPPATH\Controllers\Home.php(41): view()
 7 SYSTEMPATH\CodeIgniter.php(896): App\Controllers\Home->dashboard()
 8 SYSTEMPATH\CodeIgniter.php(466): CodeIgniter\CodeIgniter->runController()
 9 SYSTEMPATH\CodeIgniter.php(349): CodeIgniter\CodeIgniter->handleRequest()
10 FCPATH\index.php(55): CodeIgniter\CodeIgniter->run()
11 SYSTEMPATH\Commands\Server\rewrite.php(43): require_once('FCPATH\\index.php')
CRITICAL - 2022-06-30 17:02:58 --> require_once(../templates/navigation.php): Failed to open stream: No such file or directory
in APPPATH\Views\templates\dashboard.php on line 55.
 1 APPPATH\Views\templates\dashboard.php(55): CodeIgniter\Debug\Exceptions->errorHandler()
 2 APPPATH\Views\templates\dashboard.php(55): require_once()
 3 SYSTEMPATH\View\View.php(213): include('APPPATH\\Views\\templates\\dashboard.php')
 4 SYSTEMPATH\View\View.php(216): CodeIgniter\View\View->CodeIgniter\View\{closure}()
 5 SYSTEMPATH\Common.php(1135): CodeIgniter\View\View->render()
 6 APPPATH\Controllers\Home.php(41): view()
 7 SYSTEMPATH\CodeIgniter.php(896): App\Controllers\Home->dashboard()
 8 SYSTEMPATH\CodeIgniter.php(466): CodeIgniter\CodeIgniter->runController()
 9 SYSTEMPATH\CodeIgniter.php(349): CodeIgniter\CodeIgniter->handleRequest()
10 FCPATH\index.php(55): CodeIgniter\CodeIgniter->run()
11 SYSTEMPATH\Commands\Server\rewrite.php(43): require_once('FCPATH\\index.php')
CRITICAL - 2022-06-30 17:03:04 --> require_once(/templates/navigation.php): Failed to open stream: No such file or directory
in APPPATH\Views\templates\dashboard.php on line 55.
 1 APPPATH\Views\templates\dashboard.php(55): CodeIgniter\Debug\Exceptions->errorHandler()
 2 APPPATH\Views\templates\dashboard.php(55): require_once()
 3 SYSTEMPATH\View\View.php(213): include('APPPATH\\Views\\templates\\dashboard.php')
 4 SYSTEMPATH\View\View.php(216): CodeIgniter\View\View->CodeIgniter\View\{closure}()
 5 SYSTEMPATH\Common.php(1135): CodeIgniter\View\View->render()
 6 APPPATH\Controllers\Home.php(41): view()
 7 SYSTEMPATH\CodeIgniter.php(896): App\Controllers\Home->dashboard()
 8 SYSTEMPATH\CodeIgniter.php(466): CodeIgniter\CodeIgniter->runController()
 9 SYSTEMPATH\CodeIgniter.php(349): CodeIgniter\CodeIgniter->handleRequest()
10 FCPATH\index.php(55): CodeIgniter\CodeIgniter->run()
11 SYSTEMPATH\Commands\Server\rewrite.php(43): require_once('FCPATH\\index.php')
CRITICAL - 2022-06-30 17:03:37 --> require_once(../templates/navigation.php): Failed to open stream: No such file or directory
in APPPATH\Views\templates\dashboard.php on line 55.
 1 APPPATH\Views\templates\dashboard.php(55): CodeIgniter\Debug\Exceptions->errorHandler()
 2 APPPATH\Views\templates\dashboard.php(55): require_once()
 3 SYSTEMPATH\View\View.php(213): include('APPPATH\\Views\\templates\\dashboard.php')
 4 SYSTEMPATH\View\View.php(216): CodeIgniter\View\View->CodeIgniter\View\{closure}()
 5 SYSTEMPATH\Common.php(1135): CodeIgniter\View\View->render()
 6 APPPATH\Controllers\Home.php(41): view()
 7 SYSTEMPATH\CodeIgniter.php(896): App\Controllers\Home->dashboard()
 8 SYSTEMPATH\CodeIgniter.php(466): CodeIgniter\CodeIgniter->runController()
 9 SYSTEMPATH\CodeIgniter.php(349): CodeIgniter\CodeIgniter->handleRequest()
10 FCPATH\index.php(55): CodeIgniter\CodeIgniter->run()
11 SYSTEMPATH\Commands\Server\rewrite.php(43): require_once('FCPATH\\index.php')
CRITICAL - 2022-06-30 17:05:24 --> include_once(../templates/navigation.php): Failed to open stream: No such file or directory
in APPPATH\Views\templates\dashboard.php on line 55.
 1 APPPATH\Views\templates\dashboard.php(55): CodeIgniter\Debug\Exceptions->errorHandler()
 2 APPPATH\Views\templates\dashboard.php(55): include_once()
 3 SYSTEMPATH\View\View.php(213): include('APPPATH\\Views\\templates\\dashboard.php')
 4 SYSTEMPATH\View\View.php(216): CodeIgniter\View\View->CodeIgniter\View\{closure}()
 5 SYSTEMPATH\Common.php(1135): CodeIgniter\View\View->render()
 6 APPPATH\Controllers\Home.php(41): view()
 7 SYSTEMPATH\CodeIgniter.php(896): App\Controllers\Home->dashboard()
 8 SYSTEMPATH\CodeIgniter.php(466): CodeIgniter\CodeIgniter->runController()
 9 SYSTEMPATH\CodeIgniter.php(349): CodeIgniter\CodeIgniter->handleRequest()
10 FCPATH\index.php(55): CodeIgniter\CodeIgniter->run()
11 SYSTEMPATH\Commands\Server\rewrite.php(43): require_once('FCPATH\\index.php')
CRITICAL - 2022-06-30 17:05:25 --> include_once(../templates/navigation.php): Failed to open stream: No such file or directory
in APPPATH\Views\templates\dashboard.php on line 55.
 1 APPPATH\Views\templates\dashboard.php(55): CodeIgniter\Debug\Exceptions->errorHandler()
 2 APPPATH\Views\templates\dashboard.php(55): include_once()
 3 SYSTEMPATH\View\View.php(213): include('APPPATH\\Views\\templates\\dashboard.php')
 4 SYSTEMPATH\View\View.php(216): CodeIgniter\View\View->CodeIgniter\View\{closure}()
 5 SYSTEMPATH\Common.php(1135): CodeIgniter\View\View->render()
 6 APPPATH\Controllers\Home.php(41): view()
 7 SYSTEMPATH\CodeIgniter.php(896): App\Controllers\Home->dashboard()
 8 SYSTEMPATH\CodeIgniter.php(466): CodeIgniter\CodeIgniter->runController()
 9 SYSTEMPATH\CodeIgniter.php(349): CodeIgniter\CodeIgniter->handleRequest()
10 FCPATH\index.php(55): CodeIgniter\CodeIgniter->run()
11 SYSTEMPATH\Commands\Server\rewrite.php(43): require_once('FCPATH\\index.php')
